2016-04-20 11:27:37 DEBUG :111 - Log appended : logs/ConnectRevamp_ThreadLog_20160420112737_T0
2016-04-20 11:27:37 DEBUG :383 - File a1.txt is moved to D:\GitRepository\ConnectRevampV1\INPUT\Work\a1.txt
2016-04-20 11:27:37 DEBUG :121 - stating to processing File a1.txt line by line 
2016-04-20 11:27:37 DEBUG :174 - CDR : 1100926701,20160303121212,1:2:3:4:5:6:7:8:9:10:11:12:13:14:18:19:20:33:34:,1342177280:1342177280:1342177280:1342177280:1342177280:1342177280:1342177280::1342177280:1342177280:1342177280:1342177280:1342177280:1342177280:::1342177280::1342177280,20160519,
2016-04-20 11:27:37 INFO  :278 - File D:\GitRepository\ConnectRevampV1\SMS_DIRECTORY\ConnectRevamp_20160420112737_T1100926701_L0a1.txt is moved to the SMS Directory : D:\GitRepository\ConnectRevampV1\SMS_DIRECTORY\
2016-04-20 11:27:37 ERROR :287 - Failed to move File D:\GitRepository\ConnectRevampV1\SMSPreparation\ConnectRevamp_20160420112737_T1100926701_L0a1.txt to the SMS Directory : D:\GitRepository\ConnectRevampV1\SMS_DIRECTORY\ under name : ConnectRevamp_20160420112737_T1100926701_L0a1.txt
2016-04-20 11:27:37 DEBUG :215 - Sucessfully sent SMS for the template : 1
2016-04-20 11:27:37 INFO  :278 - File D:\GitRepository\ConnectRevampV1\SMS_DIRECTORY\ConnectRevamp_20160420112737_T1100926701_L1a1.txt is moved to the SMS Directory : D:\GitRepository\ConnectRevampV1\SMS_DIRECTORY\
2016-04-20 11:27:37 ERROR :287 - Failed to move File D:\GitRepository\ConnectRevampV1\SMSPreparation\ConnectRevamp_20160420112737_T1100926701_L1a1.txt to the SMS Directory : D:\GitRepository\ConnectRevampV1\SMS_DIRECTORY\ under name : ConnectRevamp_20160420112737_T1100926701_L1a1.txt
2016-04-20 11:27:37 DEBUG :215 - Sucessfully sent SMS for the template : 2
2016-04-20 11:27:37 INFO  :278 - File D:\GitRepository\ConnectRevampV1\SMS_DIRECTORY\ConnectRevamp_20160420112737_T1100926701_L2a1.txt is moved to the SMS Directory : D:\GitRepository\ConnectRevampV1\SMS_DIRECTORY\
2016-04-20 11:27:37 ERROR :287 - Failed to move File D:\GitRepository\ConnectRevampV1\SMSPreparation\ConnectRevamp_20160420112737_T1100926701_L2a1.txt to the SMS Directory : D:\GitRepository\ConnectRevampV1\SMS_DIRECTORY\ under name : ConnectRevamp_20160420112737_T1100926701_L2a1.txt
2016-04-20 11:27:37 DEBUG :215 - Sucessfully sent SMS for the template : 3
2016-04-20 11:27:37 INFO  :278 - File D:\GitRepository\ConnectRevampV1\SMS_DIRECTORY\ConnectRevamp_20160420112737_T1100926701_L3a1.txt is moved to the SMS Directory : D:\GitRepository\ConnectRevampV1\SMS_DIRECTORY\
2016-04-20 11:27:37 ERROR :287 - Failed to move File D:\GitRepository\ConnectRevampV1\SMSPreparation\ConnectRevamp_20160420112737_T1100926701_L3a1.txt to the SMS Directory : D:\GitRepository\ConnectRevampV1\SMS_DIRECTORY\ under name : ConnectRevamp_20160420112737_T1100926701_L3a1.txt
2016-04-20 11:27:37 DEBUG :215 - Sucessfully sent SMS for the template : 4
2016-04-20 11:27:37 INFO  :278 - File D:\GitRepository\ConnectRevampV1\SMS_DIRECTORY\ConnectRevamp_20160420112737_T1100926701_L4a1.txt is moved to the SMS Directory : D:\GitRepository\ConnectRevampV1\SMS_DIRECTORY\
2016-04-20 11:27:37 ERROR :287 - Failed to move File D:\GitRepository\ConnectRevampV1\SMSPreparation\ConnectRevamp_20160420112737_T1100926701_L4a1.txt to the SMS Directory : D:\GitRepository\ConnectRevampV1\SMS_DIRECTORY\ under name : ConnectRevamp_20160420112737_T1100926701_L4a1.txt
2016-04-20 11:27:37 DEBUG :215 - Sucessfully sent SMS for the template : 5
2016-04-20 11:27:37 INFO  :278 - File D:\GitRepository\ConnectRevampV1\SMS_DIRECTORY\ConnectRevamp_20160420112737_T1100926701_L5a1.txt is moved to the SMS Directory : D:\GitRepository\ConnectRevampV1\SMS_DIRECTORY\
2016-04-20 11:27:37 ERROR :287 - Failed to move File D:\GitRepository\ConnectRevampV1\SMSPreparation\ConnectRevamp_20160420112737_T1100926701_L5a1.txt to the SMS Directory : D:\GitRepository\ConnectRevampV1\SMS_DIRECTORY\ under name : ConnectRevamp_20160420112737_T1100926701_L5a1.txt
2016-04-20 11:27:37 DEBUG :215 - Sucessfully sent SMS for the template : 6
2016-04-20 11:27:37 INFO  :278 - File D:\GitRepository\ConnectRevampV1\SMS_DIRECTORY\ConnectRevamp_20160420112737_T1100926701_L6a1.txt is moved to the SMS Directory : D:\GitRepository\ConnectRevampV1\SMS_DIRECTORY\
2016-04-20 11:27:37 ERROR :287 - Failed to move File D:\GitRepository\ConnectRevampV1\SMSPreparation\ConnectRevamp_20160420112737_T1100926701_L6a1.txt to the SMS Directory : D:\GitRepository\ConnectRevampV1\SMS_DIRECTORY\ under name : ConnectRevamp_20160420112737_T1100926701_L6a1.txt
2016-04-20 11:27:37 DEBUG :215 - Sucessfully sent SMS for the template : 7
2016-04-20 11:27:37 INFO  :278 - File D:\GitRepository\ConnectRevampV1\SMS_DIRECTORY\ConnectRevamp_20160420112737_T1100926701_L7a1.txt is moved to the SMS Directory : D:\GitRepository\ConnectRevampV1\SMS_DIRECTORY\
2016-04-20 11:27:37 ERROR :287 - Failed to move File D:\GitRepository\ConnectRevampV1\SMSPreparation\ConnectRevamp_20160420112737_T1100926701_L7a1.txt to the SMS Directory : D:\GitRepository\ConnectRevampV1\SMS_DIRECTORY\ under name : ConnectRevamp_20160420112737_T1100926701_L7a1.txt
2016-04-20 11:27:37 DEBUG :215 - Sucessfully sent SMS for the template : 8
2016-04-20 11:27:37 INFO  :278 - File D:\GitRepository\ConnectRevampV1\SMS_DIRECTORY\ConnectRevamp_20160420112737_T1100926701_L8a1.txt is moved to the SMS Directory : D:\GitRepository\ConnectRevampV1\SMS_DIRECTORY\
2016-04-20 11:27:37 ERROR :287 - Failed to move File D:\GitRepository\ConnectRevampV1\SMSPreparation\ConnectRevamp_20160420112737_T1100926701_L8a1.txt to the SMS Directory : D:\GitRepository\ConnectRevampV1\SMS_DIRECTORY\ under name : ConnectRevamp_20160420112737_T1100926701_L8a1.txt
2016-04-20 11:27:37 DEBUG :215 - Sucessfully sent SMS for the template : 9
2016-04-20 11:27:37 INFO  :278 - File D:\GitRepository\ConnectRevampV1\SMS_DIRECTORY\ConnectRevamp_20160420112737_T1100926701_L9a1.txt is moved to the SMS Directory : D:\GitRepository\ConnectRevampV1\SMS_DIRECTORY\
2016-04-20 11:27:37 ERROR :287 - Failed to move File D:\GitRepository\ConnectRevampV1\SMSPreparation\ConnectRevamp_20160420112737_T1100926701_L9a1.txt to the SMS Directory : D:\GitRepository\ConnectRevampV1\SMS_DIRECTORY\ under name : ConnectRevamp_20160420112737_T1100926701_L9a1.txt
2016-04-20 11:27:37 DEBUG :215 - Sucessfully sent SMS for the template : 10
2016-04-20 11:27:37 INFO  :278 - File D:\GitRepository\ConnectRevampV1\SMS_DIRECTORY\ConnectRevamp_20160420112737_T1100926701_L10a1.txt is moved to the SMS Directory : D:\GitRepository\ConnectRevampV1\SMS_DIRECTORY\
2016-04-20 11:27:37 ERROR :287 - Failed to move File D:\GitRepository\ConnectRevampV1\SMSPreparation\ConnectRevamp_20160420112737_T1100926701_L10a1.txt to the SMS Directory : D:\GitRepository\ConnectRevampV1\SMS_DIRECTORY\ under name : ConnectRevamp_20160420112737_T1100926701_L10a1.txt
2016-04-20 11:27:37 DEBUG :215 - Sucessfully sent SMS for the template : 11
2016-04-20 11:27:37 INFO  :278 - File D:\GitRepository\ConnectRevampV1\SMS_DIRECTORY\ConnectRevamp_20160420112737_T1100926701_L11a1.txt is moved to the SMS Directory : D:\GitRepository\ConnectRevampV1\SMS_DIRECTORY\
2016-04-20 11:27:37 ERROR :287 - Failed to move File D:\GitRepository\ConnectRevampV1\SMSPreparation\ConnectRevamp_20160420112737_T1100926701_L11a1.txt to the SMS Directory : D:\GitRepository\ConnectRevampV1\SMS_DIRECTORY\ under name : ConnectRevamp_20160420112737_T1100926701_L11a1.txt
2016-04-20 11:27:37 DEBUG :215 - Sucessfully sent SMS for the template : 12
2016-04-20 11:27:37 INFO  :278 - File D:\GitRepository\ConnectRevampV1\SMS_DIRECTORY\ConnectRevamp_20160420112737_T1100926701_L12a1.txt is moved to the SMS Directory : D:\GitRepository\ConnectRevampV1\SMS_DIRECTORY\
2016-04-20 11:27:37 ERROR :287 - Failed to move File D:\GitRepository\ConnectRevampV1\SMSPreparation\ConnectRevamp_20160420112737_T1100926701_L12a1.txt to the SMS Directory : D:\GitRepository\ConnectRevampV1\SMS_DIRECTORY\ under name : ConnectRevamp_20160420112737_T1100926701_L12a1.txt
2016-04-20 11:27:37 DEBUG :215 - Sucessfully sent SMS for the template : 13
2016-04-20 11:27:37 INFO  :278 - File D:\GitRepository\ConnectRevampV1\SMS_DIRECTORY\ConnectRevamp_20160420112737_T1100926701_L13a1.txt is moved to the SMS Directory : D:\GitRepository\ConnectRevampV1\SMS_DIRECTORY\
2016-04-20 11:27:37 ERROR :287 - Failed to move File D:\GitRepository\ConnectRevampV1\SMSPreparation\ConnectRevamp_20160420112737_T1100926701_L13a1.txt to the SMS Directory : D:\GitRepository\ConnectRevampV1\SMS_DIRECTORY\ under name : ConnectRevamp_20160420112737_T1100926701_L13a1.txt
2016-04-20 11:27:37 DEBUG :215 - Sucessfully sent SMS for the template : 14
2016-04-20 11:27:37 INFO  :278 - File D:\GitRepository\ConnectRevampV1\SMS_DIRECTORY\ConnectRevamp_20160420112737_T1100926701_L14a1.txt is moved to the SMS Directory : D:\GitRepository\ConnectRevampV1\SMS_DIRECTORY\
2016-04-20 11:27:37 ERROR :287 - Failed to move File D:\GitRepository\ConnectRevampV1\SMSPreparation\ConnectRevamp_20160420112737_T1100926701_L14a1.txt to the SMS Directory : D:\GitRepository\ConnectRevampV1\SMS_DIRECTORY\ under name : ConnectRevamp_20160420112737_T1100926701_L14a1.txt
2016-04-20 11:27:37 DEBUG :215 - Sucessfully sent SMS for the template : 18
2016-04-20 11:27:37 INFO  :278 - File D:\GitRepository\ConnectRevampV1\SMS_DIRECTORY\ConnectRevamp_20160420112737_T1100926701_L15a1.txt is moved to the SMS Directory : D:\GitRepository\ConnectRevampV1\SMS_DIRECTORY\
2016-04-20 11:27:37 ERROR :287 - Failed to move File D:\GitRepository\ConnectRevampV1\SMSPreparation\ConnectRevamp_20160420112737_T1100926701_L15a1.txt to the SMS Directory : D:\GitRepository\ConnectRevampV1\SMS_DIRECTORY\ under name : ConnectRevamp_20160420112737_T1100926701_L15a1.txt
2016-04-20 11:27:37 DEBUG :215 - Sucessfully sent SMS for the template : 19
2016-04-20 11:27:37 INFO  :278 - File D:\GitRepository\ConnectRevampV1\SMS_DIRECTORY\ConnectRevamp_20160420112737_T1100926701_L16a1.txt is moved to the SMS Directory : D:\GitRepository\ConnectRevampV1\SMS_DIRECTORY\
2016-04-20 11:27:37 ERROR :287 - Failed to move File D:\GitRepository\ConnectRevampV1\SMSPreparation\ConnectRevamp_20160420112737_T1100926701_L16a1.txt to the SMS Directory : D:\GitRepository\ConnectRevampV1\SMS_DIRECTORY\ under name : ConnectRevamp_20160420112737_T1100926701_L16a1.txt
2016-04-20 11:27:37 DEBUG :215 - Sucessfully sent SMS for the template : 20
2016-04-20 11:27:37 INFO  :278 - File D:\GitRepository\ConnectRevampV1\SMS_DIRECTORY\ConnectRevamp_20160420112737_T1100926701_L17a1.txt is moved to the SMS Directory : D:\GitRepository\ConnectRevampV1\SMS_DIRECTORY\
2016-04-20 11:27:37 ERROR :287 - Failed to move File D:\GitRepository\ConnectRevampV1\SMSPreparation\ConnectRevamp_20160420112737_T1100926701_L17a1.txt to the SMS Directory : D:\GitRepository\ConnectRevampV1\SMS_DIRECTORY\ under name : ConnectRevamp_20160420112737_T1100926701_L17a1.txt
2016-04-20 11:27:37 DEBUG :215 - Sucessfully sent SMS for the template : 33
2016-04-20 11:27:37 INFO  :278 - File D:\GitRepository\ConnectRevampV1\SMS_DIRECTORY\ConnectRevamp_20160420112737_T1100926701_L18a1.txt is moved to the SMS Directory : D:\GitRepository\ConnectRevampV1\SMS_DIRECTORY\
2016-04-20 11:27:37 ERROR :287 - Failed to move File D:\GitRepository\ConnectRevampV1\SMSPreparation\ConnectRevamp_20160420112737_T1100926701_L18a1.txt to the SMS Directory : D:\GitRepository\ConnectRevampV1\SMS_DIRECTORY\ under name : ConnectRevamp_20160420112737_T1100926701_L18a1.txt
2016-04-20 11:27:37 DEBUG :215 - Sucessfully sent SMS for the template : 34
2016-04-20 11:27:37 DEBUG :156 - Scanner is closing for file : a1.txt
2016-04-20 11:27:37 DEBUG :314 - Directory D:\GitRepository\ConnectRevampV1\Archive\20160420 already exists
2016-04-20 11:27:37 DEBUG :341 - File : D:\GitRepository\ConnectRevampV1\INPUT\Work\a1.txt is moved to the archive directory 
2016-04-20 11:27:37 DEBUG :86 - Thread Stopped for file : a1.txt
2016-04-20 11:27:37 DEBUG :87 - ------------------------------------------------------------------------------------------------
