2016-03-28 11:19:11 DEBUG :103 - Log appended : logs/ConnectRevamp_ThreadLog_20160328111911_T0
2016-03-28 11:19:11 DEBUG :333 - File a is moved to D:\Arts\ConnectRevampV1\INPUT\Work\a
2016-03-28 11:19:11 DEBUG :113 - stating to processing File a line by line 
2016-03-28 11:19:11 DEBUG :158 - Before splitting : 8:
2016-03-28 11:19:11 DEBUG :159 - Before splitting : :
2016-03-28 11:19:11 DEBUG :163 - After splitting
2016-03-28 11:19:11 DEBUG :165 - Current Template : 8
2016-03-28 11:19:11 DEBUG :198 - The SMS is being sent
2016-03-28 11:19:11 INFO  :240 - File D:\Arts\ConnectRevampV1\SMS_DIRECTORY\ConnectRevamp_20160328111911_L1_VT0.txt is moved to the SMS Directory
2016-03-28 11:19:11 DEBUG :158 - Before splitting : 8:
2016-03-28 11:19:11 DEBUG :159 - Before splitting : :
2016-03-28 11:19:11 DEBUG :163 - After splitting
2016-03-28 11:19:11 DEBUG :165 - Current Template : 8
2016-03-28 11:19:11 DEBUG :198 - The SMS is being sent
2016-03-28 11:19:11 INFO  :240 - File D:\Arts\ConnectRevampV1\SMS_DIRECTORY\ConnectRevamp_20160328111911_L2_VT0.txt is moved to the SMS Directory
2016-03-28 11:19:11 DEBUG :158 - Before splitting : 8:
2016-03-28 11:19:11 DEBUG :159 - Before splitting : :
2016-03-28 11:19:11 DEBUG :163 - After splitting
2016-03-28 11:19:11 DEBUG :165 - Current Template : 8
2016-03-28 11:19:11 DEBUG :198 - The SMS is being sent
2016-03-28 11:19:11 INFO  :240 - File D:\Arts\ConnectRevampV1\SMS_DIRECTORY\ConnectRevamp_20160328111911_L3_VT0.txt is moved to the SMS Directory
2016-03-28 11:19:11 DEBUG :158 - Before splitting : 8:
2016-03-28 11:19:11 DEBUG :159 - Before splitting : :
2016-03-28 11:19:11 DEBUG :163 - After splitting
2016-03-28 11:19:11 DEBUG :165 - Current Template : 8
2016-03-28 11:19:11 DEBUG :198 - The SMS is being sent
2016-03-28 11:19:11 INFO  :240 - File D:\Arts\ConnectRevampV1\SMS_DIRECTORY\ConnectRevamp_20160328111911_L4_VT0.txt is moved to the SMS Directory
2016-03-28 11:19:11 DEBUG :158 - Before splitting : 8:
2016-03-28 11:19:11 DEBUG :159 - Before splitting : :
2016-03-28 11:19:11 DEBUG :163 - After splitting
2016-03-28 11:19:11 DEBUG :165 - Current Template : 8
2016-03-28 11:19:11 DEBUG :198 - The SMS is being sent
2016-03-28 11:19:11 INFO  :240 - File D:\Arts\ConnectRevampV1\SMS_DIRECTORY\ConnectRevamp_20160328111911_L5_VT0.txt is moved to the SMS Directory
2016-03-28 11:19:11 DEBUG :149 - Scanner is closing for file : a
2016-03-28 11:19:11 DEBUG :275 - Directory D:\Arts\ConnectRevampV1\Archive\20160328 already exists
2016-03-28 11:19:11 DEBUG :298 - File D:\Arts\ConnectRevampV1\INPUT\Work\a is moved to D:\Arts\ConnectRevampV1\Archive\20160328\a
2016-03-28 11:19:11 DEBUG :299 - work file a is archived
2016-03-28 11:19:11 DEBUG :78 - Thread Stopped for file : a
2016-03-28 11:19:11 DEBUG :79 - ------------------------------------------------------------------------------------------------

2016-03-29 09:59:15 DEBUG :103 - Log appended : logs/ConnectRevamp_ThreadLog_20160329095915_T0
2016-03-29 09:59:15 DEBUG :345 - File a is moved to D:\Arts\ConnectRevampV1\INPUT\Work\a
2016-03-29 09:59:21 DEBUG :113 - stating to processing File a line by line 
2016-03-29 09:59:21 DEBUG :159 - CR : 1126440596,,8:,:,20170319015233,
2016-03-29 09:59:30 DEBUG :171 - SMS Template: \u0644\u0645 \u064A\u062A\u0645 \u062A\u062C\u062F\u064A\u062F \u0628\u0627\u0642\u0629 \u0627\u0644\u0627\u0646\u062A\u0631\u0646\u062A "\u0643\u0648\u0646\u0643\u062A". \u0644\u0644\u062A\u062C\u062F\u064A\u062F \u0627\u0634\u062D\u0646 \u0631\u0635\u064A\u062F\u0643 \u0648\u0627\u0646\u062A\u0638\u0631 \u0631\u0633\u0627\u0644\u0629 \u0627\u0644\u062A\u0623\u0643\u064A\u062F. \u064A\u062A\u0645 \u0627\u062D\u062A\u0633\u0627\u0628 \u0631\u0633\u0648\u0645 \u0627\u0644\u0628\u064A\u0627\u0646\u0627\u062A \u0627\u0644\u0623\u0633\u0627\u0633\u064A\u0629 \u0644\u0646\u0638\u0627\u0645\u0643
2016-03-29 09:59:51 DEBUG :201 - The SMS is being sent
2016-03-29 10:00:01 ERROR :245 - Failed to move File D:\Arts\ConnectRevampV1\SMSPreparation\ConnectRevamp_20160329100001_L1_VT0.txt to the SMS Directory : /export/home/etisalatSMS/input/ under name : ConnectRevamp_20160329100001_L1_VT0.txt
2016-03-29 10:00:01 ERROR :246 - Exception : java.nio.file.NoSuchFileException: D:\Arts\ConnectRevampV1\SMSPreparation\ConnectRevamp_20160329100001_L1_VT0.txt -> D:\export\home\etisalatSMS\input\ConnectRevamp_20160329100001_L1_VT0.txt
2016-03-29 10:00:09 DEBUG :159 - CR : 1126440596,20160319015233,8:,:,,
2016-03-29 10:00:09 DEBUG :171 - SMS Template: \u0644\u0645 \u064A\u062A\u0645 \u062A\u062C\u062F\u064A\u062F \u0628\u0627\u0642\u0629 \u0627\u0644\u0627\u0646\u062A\u0631\u0646\u062A "\u0643\u0648\u0646\u0643\u062A". \u0644\u0644\u062A\u062C\u062F\u064A\u062F \u0627\u0634\u062D\u0646 \u0631\u0635\u064A\u062F\u0643 \u0648\u0627\u0646\u062A\u0638\u0631 \u0631\u0633\u0627\u0644\u0629 \u0627\u0644\u062A\u0623\u0643\u064A\u062F. \u064A\u062A\u0645 \u0627\u062D\u062A\u0633\u0627\u0628 \u0631\u0633\u0648\u0645 \u0627\u0644\u0628\u064A\u0627\u0646\u0627\u062A \u0627\u0644\u0623\u0633\u0627\u0633\u064A\u0629 \u0644\u0646\u0638\u0627\u0645\u0643
2016-03-29 10:00:10 DEBUG :201 - The SMS is being sent
2016-03-29 10:00:10 ERROR :245 - Failed to move File D:\Arts\ConnectRevampV1\SMSPreparation\ConnectRevamp_20160329100010_L2_VT0.txt to the SMS Directory : /export/home/etisalatSMS/input/ under name : ConnectRevamp_20160329100010_L2_VT0.txt
2016-03-29 10:00:10 ERROR :246 - Exception : java.nio.file.NoSuchFileException: D:\Arts\ConnectRevampV1\SMSPreparation\ConnectRevamp_20160329100010_L2_VT0.txt -> D:\export\home\etisalatSMS\input\ConnectRevamp_20160329100010_L2_VT0.txt
2016-03-29 10:00:17 DEBUG :159 - CR : 1125689843,20160319015412,8:,:,,
2016-03-29 10:00:17 DEBUG :171 - SMS Template: \u0644\u0645 \u064A\u062A\u0645 \u062A\u062C\u062F\u064A\u062F \u0628\u0627\u0642\u0629 \u0627\u0644\u0627\u0646\u062A\u0631\u0646\u062A "\u0643\u0648\u0646\u0643\u062A". \u0644\u0644\u062A\u062C\u062F\u064A\u062F \u0627\u0634\u062D\u0646 \u0631\u0635\u064A\u062F\u0643 \u0648\u0627\u0646\u062A\u0638\u0631 \u0631\u0633\u0627\u0644\u0629 \u0627\u0644\u062A\u0623\u0643\u064A\u062F. \u064A\u062A\u0645 \u0627\u062D\u062A\u0633\u0627\u0628 \u0631\u0633\u0648\u0645 \u0627\u0644\u0628\u064A\u0627\u0646\u0627\u062A \u0627\u0644\u0623\u0633\u0627\u0633\u064A\u0629 \u0644\u0646\u0638\u0627\u0645\u0643
2016-03-29 10:00:18 DEBUG :201 - The SMS is being sent
2016-03-29 10:00:19 ERROR :245 - Failed to move File D:\Arts\ConnectRevampV1\SMSPreparation\ConnectRevamp_20160329100019_L3_VT0.txt to the SMS Directory : /export/home/etisalatSMS/input/ under name : ConnectRevamp_20160329100019_L3_VT0.txt
2016-03-29 10:00:19 ERROR :246 - Exception : java.nio.file.NoSuchFileException: D:\Arts\ConnectRevampV1\SMSPreparation\ConnectRevamp_20160329100019_L3_VT0.txt -> D:\export\home\etisalatSMS\input\ConnectRevamp_20160329100019_L3_VT0.txt
2016-03-29 10:00:21 DEBUG :159 - CR : 1126440596,,8:,:,,
2016-03-29 10:00:21 DEBUG :171 - SMS Template: \u0644\u0645 \u064A\u062A\u0645 \u062A\u062C\u062F\u064A\u062F \u0628\u0627\u0642\u0629 \u0627\u0644\u0627\u0646\u062A\u0631\u0646\u062A "\u0643\u0648\u0646\u0643\u062A". \u0644\u0644\u062A\u062C\u062F\u064A\u062F \u0627\u0634\u062D\u0646 \u0631\u0635\u064A\u062F\u0643 \u0648\u0627\u0646\u062A\u0638\u0631 \u0631\u0633\u0627\u0644\u0629 \u0627\u0644\u062A\u0623\u0643\u064A\u062F. \u064A\u062A\u0645 \u0627\u062D\u062A\u0633\u0627\u0628 \u0631\u0633\u0648\u0645 \u0627\u0644\u0628\u064A\u0627\u0646\u0627\u062A \u0627\u0644\u0623\u0633\u0627\u0633\u064A\u0629 \u0644\u0646\u0638\u0627\u0645\u0643
2016-03-29 10:00:22 DEBUG :201 - The SMS is being sent
2016-03-29 10:00:22 ERROR :245 - Failed to move File D:\Arts\ConnectRevampV1\SMSPreparation\ConnectRevamp_20160329100022_L4_VT0.txt to the SMS Directory : /export/home/etisalatSMS/input/ under name : ConnectRevamp_20160329100022_L4_VT0.txt
2016-03-29 10:00:22 ERROR :246 - Exception : java.nio.file.NoSuchFileException: D:\Arts\ConnectRevampV1\SMSPreparation\ConnectRevamp_20160329100022_L4_VT0.txt -> D:\export\home\etisalatSMS\input\ConnectRevamp_20160329100022_L4_VT0.txt
2016-03-29 10:00:25 DEBUG :159 - CR : 1126440596,20160319015233,8:,:,20170319015233,
2016-03-29 10:00:25 DEBUG :171 - SMS Template: \u0644\u0645 \u064A\u062A\u0645 \u062A\u062C\u062F\u064A\u062F \u0628\u0627\u0642\u0629 \u0627\u0644\u0627\u0646\u062A\u0631\u0646\u062A "\u0643\u0648\u0646\u0643\u062A". \u0644\u0644\u062A\u062C\u062F\u064A\u062F \u0627\u0634\u062D\u0646 \u0631\u0635\u064A\u062F\u0643 \u0648\u0627\u0646\u062A\u0638\u0631 \u0631\u0633\u0627\u0644\u0629 \u0627\u0644\u062A\u0623\u0643\u064A\u062F. \u064A\u062A\u0645 \u0627\u062D\u062A\u0633\u0627\u0628 \u0631\u0633\u0648\u0645 \u0627\u0644\u0628\u064A\u0627\u0646\u0627\u062A \u0627\u0644\u0623\u0633\u0627\u0633\u064A\u0629 \u0644\u0646\u0638\u0627\u0645\u0643
2016-03-29 10:00:25 DEBUG :201 - The SMS is being sent
2016-03-29 10:00:26 ERROR :245 - Failed to move File D:\Arts\ConnectRevampV1\SMSPreparation\ConnectRevamp_20160329100025_L5_VT0.txt to the SMS Directory : /export/home/etisalatSMS/input/ under name : ConnectRevamp_20160329100025_L5_VT0.txt
2016-03-29 10:00:26 ERROR :246 - Exception : java.nio.file.NoSuchFileException: D:\Arts\ConnectRevampV1\SMSPreparation\ConnectRevamp_20160329100025_L5_VT0.txt -> D:\export\home\etisalatSMS\input\ConnectRevamp_20160329100025_L5_VT0.txt
2016-03-29 10:00:33 DEBUG :149 - Scanner is closing for file : a
2016-03-29 10:00:41 DEBUG :272 - Directory D:\Arts\ConnectRevampV1\Archive\20160329 is created!
2016-03-29 10:00:52 DEBUG :307 - File D:\Arts\ConnectRevampV1\INPUT\Work\a is moved to D:\Arts\ConnectRevampV1\Archive\20160329\a
2016-03-29 10:00:53 DEBUG :308 - work file a is archived
2016-03-29 10:00:57 DEBUG :78 - Thread Stopped for file : a
2016-03-29 10:00:57 DEBUG :79 - ------------------------------------------------------------------------------------------------

2016-03-29 10:03:22 DEBUG :103 - Log appended : logs/ConnectRevamp_ThreadLog_20160329100322_T0
2016-03-29 10:03:22 DEBUG :345 - File a1.txt is moved to D:\Arts\ConnectRevampV1\INPUT\Work\a1.txt
2016-03-29 10:03:22 DEBUG :113 - stating to processing File a1.txt line by line 
2016-03-29 10:03:22 DEBUG :159 - CR : 1126440596,,8:,:,20170319015233,
2016-03-29 10:03:22 DEBUG :171 - SMS Template: \u0644\u0645 \u064A\u062A\u0645 \u062A\u062C\u062F\u064A\u062F \u0628\u0627\u0642\u0629 \u0627\u0644\u0627\u0646\u062A\u0631\u0646\u062A "\u0643\u0648\u0646\u0643\u062A". \u0644\u0644\u062A\u062C\u062F\u064A\u062F \u0627\u0634\u062D\u0646 \u0631\u0635\u064A\u062F\u0643 \u0648\u0627\u0646\u062A\u0638\u0631 \u0631\u0633\u0627\u0644\u0629 \u0627\u0644\u062A\u0623\u0643\u064A\u062F. \u064A\u062A\u0645 \u0627\u062D\u062A\u0633\u0627\u0628 \u0631\u0633\u0648\u0645 \u0627\u0644\u0628\u064A\u0627\u0646\u0627\u062A \u0627\u0644\u0623\u0633\u0627\u0633\u064A\u0629 \u0644\u0646\u0638\u0627\u0645\u0643
2016-03-29 10:03:22 DEBUG :201 - The SMS is being sent
2016-03-29 10:03:22 INFO  :243 - File D:\Arts\ConnectRevampV1\SMS_DIRECTORYConnectRevamp_20160329100322_L1_VT0.txt is moved to the SMS Directory : D:\Arts\ConnectRevampV1\SMS_DIRECTORY
2016-03-29 10:03:22 DEBUG :149 - Scanner is closing for file : a1.txt
2016-03-29 10:03:22 DEBUG :279 - Directory D:\Arts\ConnectRevampV1\Archive\20160329 already exists
2016-03-29 10:03:22 DEBUG :307 - File D:\Arts\ConnectRevampV1\INPUT\Work\a1.txt is moved to D:\Arts\ConnectRevampV1\Archive\20160329\a1.txt
2016-03-29 10:03:22 DEBUG :308 - work file a1.txt is archived
2016-03-29 10:03:22 DEBUG :78 - Thread Stopped for file : a1.txt
2016-03-29 10:03:22 DEBUG :79 - ------------------------------------------------------------------------------------------------

